app/build/outputs/mapping/tencentRelease/seeds.txt
com.gucheng.statistichelper.R$style: int ThemeOverlay_AppCompat_Dialog
com.gucheng.statistichelper.R$attr: int cornerRadius
com.gucheng.statistichelper.R$styleable: int TextAppearance_textLocale
com.gucheng.statistichelper.R$id: int item_name
com.gucheng.statistichelper.R$attr: int divider
com.gucheng.statistichelper.R$styleable: int AppCompatTheme_alertDialogButtonGroupStyle
com.gucheng.statistichelper.R$style: int Widget_AppCompat_Light_ActionButton
com.gucheng.statistichelper.R$attr: int closeIconVisible
com.gucheng.statistichelper.R$styleable: int Toolbar_subtitleTextAppearance
com.gucheng.statistichelper.R$style: int Base_TextAppearance_Widget_AppCompat_ExpandedMenu_Item
com.gucheng.statistichelper.R$attr: int contentInsetEnd
com.gucheng.statistichelper.R$styleable: int Layout_android_orientation
com.gucheng.statistichelper.R$styleable: int ViewPager2_android_orientation
com.gucheng.statistichelper.R$styleable: int TextAppearance_android_fontFamily
com.gucheng.statistichelper.R$style: int Theme_Design_Light
com.gucheng.statistichelper.R$dimen: int design_snackbar_padding_vertical_2lines
com.gucheng.statistichelper.R$attr: int fontStyle
com.gucheng.statistichelper.R$styleable: int ConstraintLayout_Layout_layout_goneMarginEnd
com.gucheng.statistichelper.R$style: int Base_Animation_AppCompat_Dialog
com.gucheng.statistichelper.R$string: int agree_and_continue
com.gucheng.statistichelper.R$attr: int layout_constraintHorizontal_chainStyle
com.gucheng.statistichelper.R$styleable: int BottomSheetBehavior_Layout_android_elevation
com.gucheng.statistichelper.R$styleable: int AppCompatTheme_actionModeTheme
com.gucheng.statistichelper.R$style: int Base_TextAppearance_AppCompat_Widget_ActionBar_Menu
com.gucheng.statistichelper.R$color: int bright_foreground_disabled_material_dark
com.gucheng.statistichelper.R$style: int Base_DialogWindowTitle_AppCompat
com.gucheng.statistichelper.R$style: int Widget_AppCompat_ActionButton
com.gucheng.statistichelper.R$styleable: int BaseProgressIndicator_trackCornerRadius
com.gucheng.statistichelper.R$integer: int bottom_sheet_slide_duration
com.gucheng.statistichelper.R$drawable: int abc_scrubber_control_to_pressed_mtrl_005
com.gucheng.statistichelper.R$dimen: int design_bottom_sheet_elevation
com.gucheng.statistichelper.R$layout: int custom_dialog
com.gucheng.statistichelper.R$styleable: int CardView_cardCornerRadius
com.gucheng.statistichelper.R$style: int Widget_Design_TabLayout
com.gucheng.statistichelper.R$style: int Widget_MaterialComponents_Toolbar_Primary
com.gucheng.statistichelper.R$id: int total_amount
com.gucheng.statistichelper.R$styleable: int AppCompatTheme_spinnerStyle
com.gucheng.statistichelper.R$anim: int btn_radio_to_on_mtrl_dot_group_animation
com.gucheng.statistichelper.R$attr: int constraintSet
com.gucheng.statistichelper.R$drawable: int tooltip_frame_dark
com.gucheng.statistichelper.R$attr: int textAppearanceBody2
com.gucheng.statistichelper.R$styleable: int TextInputLayout_startIconContentDescription
com.gucheng.statistichelper.R$id: int unchecked
com.gucheng.statistichelper.R$styleable: int Constraint_layout_goneMarginEnd
com.gucheng.statistichelper.R$styleable: int FloatingActionButton_android_enabled
com.gucheng.statistichelper.R$attr: int mock_showDiagonals
com.gucheng.statistichelper.R$styleable: int MaterialButton_iconTintMode
com.gucheng.statistichelper.R$drawable: int design_snackbar_background
com.gucheng.statistichelper.R$attr: int colorPrimary
com.gucheng.statistichelper.R$styleable: int Layout_layout_constraintWidth_percent
com.gucheng.statistichelper.R$dimen: int abc_dialog_fixed_height_major
com.gucheng.statistichelper.R$styleable: int Constraint_layout_goneMarginStart
com.gucheng.statistichelper.R$attr: int prefixTextAppearance
com.gucheng.statistichelper.R$dimen: int mtrl_progress_circular_size_small
com.gucheng.statistichelper.R$style: int TextAppearance_AppCompat_Body1
com.gucheng.statistichelper.R$styleable: int ImageFilterView_warmth
...
com.google.android.material.chip.Chip: com.google.android.material.resources.TextAppearance getTextAppearance()
com.tencent.bugly.crashreport.crash.CrashDetailBean: java.lang.String V
com.tencent.bugly.crashreport.crash.CrashDetailBean: java.lang.String e
com.umeng.analytics.pro.c: java.lang.String D
com.tencent.bugly.crashreport.CrashReport$UserStrategy: int getCallBackType()
com.umeng.analytics.pro.ba: java.lang.String a(com.umeng.analytics.pro.ar,java.lang.String)
com.umeng.commonsdk.framework.UMFrUtils: java.lang.String KEY_LAST_INSTANT_SUCC_BUILD_TIME
com.umeng.analytics.pro.t: t(com.umeng.analytics.pro.t$1)
com.umeng.commonsdk.statistics.idtracking.a: java.lang.String c
com.tencent.bugly.crashreport.common.info.a: java.lang.String m
com.umeng.commonsdk.statistics.a: java.lang.String b
com.umeng.commonsdk.statistics.common.DeviceTypeEnum: com.umeng.commonsdk.statistics.common.DeviceTypeEnum MAC
androidx.constraintlayout.widget.Guideline: void setGuidelineEnd(int)
com.umeng.commonsdk.utils.b: java.lang.String ah
com.umeng.analytics.pro.z: z()
com.umeng.commonsdk.statistics.noise.Defcon: long MILLIS_24_HOURS
com.umeng.analytics.pro.bb$a: bb$a(com.umeng.analytics.pro.bb$1)
com.umeng.commonsdk.statistics.proto.Response$d
com.umeng.commonsdk.framework.a$a: void onEvent(int,java.lang.String)
com.umeng.commonsdk.statistics.noise.ImLatent: com.umeng.commonsdk.statistics.noise.ImLatent instanse
com.umeng.commonsdk.statistics.proto.e: com.umeng.analytics.pro.bl i
com.tencent.bugly.proguard.v: boolean a(com.tencent.bugly.proguard.an,com.tencent.bugly.crashreport.common.info.a,com.tencent.bugly.crashreport.common.strategy.a)
com.umeng.analytics.b$1
com.umeng.commonsdk.utils.b: java.lang.String q
com.google.android.material.transformation.ExpandableTransformationBehavior: ExpandableTransformationBehavior(android.content.Context,android.util.AttributeSet)
com.umeng.analytics.pro.bk: com.umeng.analytics.pro.ap m
com.umeng.analytics.pro.au: java.lang.String g(byte[],com.umeng.analytics.pro.ay,com.umeng.analytics.pro.ay[])
com.umeng.commonsdk.statistics.c$1: c$1(com.umeng.commonsdk.statistics.c)
com.umeng.commonsdk.statistics.common.a$a: boolean b
com.umeng.commonsdk.statistics.common.DeviceConfig: java.lang.String getImei(android.content.Context)
com.umeng.commonsdk.statistics.proto.b$b: com.umeng.commonsdk.statistics.proto.b$a a()
com.github.mikephil.charting.charts.BarLineChartBase: void setBorderWidth(float)
androidx.core.app.RemoteActionCompat: RemoteActionCompat()
com.tencent.bugly.proguard.d: java.util.HashMap g
com.umeng.analytics.pro.bj: void a(int)
com.umeng.commonsdk.statistics.idtracking.Envelope: java.lang.String dummyID1
androidx.appcompat.widget.AppCompatImageButton: android.graphics.PorterDuff$Mode getSupportImageTintMode()
com.umeng.analytics.vshelper.b: int b
com.tencent.bugly.proguard.u
com.tencent.bugly.crashreport.biz.b: long f()
com.umeng.commonsdk.debug.UMLog: void bundle(int,android.os.Bundle)
com.umeng.commonsdk.statistics.common.DeviceConfig: java.lang.String KEY_MIUI_VERSION_NAME
com.umeng.commonsdk.stateless.d$4: int a(java.io.File,java.io.File)
com.tencent.bugly.crashreport.common.info.a: long s
com.umeng.commonsdk.statistics.common.DeviceConfig: java.lang.String getCPU()
com.tencent.bugly.crashreport.CrashReport: void closeBugly()
com.umeng.commonsdk.vchannel.Sender: Sender()
com.umeng.analytics.pro.bk: void a(byte[],int,int)
com.umeng.commonsdk.UMConfigure: boolean checkShareSdk(java.lang.Class)
com.tencent.bugly.crashreport.common.info.a: void b(java.lang.String,java.lang.String)
com.umeng.analytics.pro.ai: java.lang.String d
com.umeng.commonsdk.statistics.proto.c$e: com.umeng.commonsdk.statistics.proto.c$e a(int)
com.tencent.bugly.crashreport.common.strategy.a: com.tencent.bugly.crashreport.common.strategy.StrategyBean e
com.umeng.analytics.pro.aj: boolean F()
com.umeng.commonsdk.statistics.proto.b$a: void b(com.umeng.analytics.pro.bq,com.umeng.commonsdk.statistics.proto.b)