app/build/outputs/mapping/tencentRelease/mapping.txt
# compiler: R8
# compiler_version: 2.1.75
# min_api: 21
# pg_map_id: 4ba7924
# common_typos_disable
com.gucheng.statistichelper.AccountApplication -> com.gucheng.statistichelper.AccountApplication:
    kotlin.Lazy itemRepository$delegate -> b
    kotlin.Lazy typeRepository$delegate -> c
    kotlin.Lazy dailyReportRepository$delegate -> d
    kotlinx.coroutines.CoroutineScope applicationScope -> e
    com.gucheng.statistichelper.AccountApplication$Companion Companion -> f
    kotlin.Lazy database$delegate -> a
    1:1:kotlinx.coroutines.CompletableJob kotlinx.coroutines.SupervisorKt.SupervisorJob(kotlinx.coroutines.Job):0:0 -> <clinit>
    1:1:kotlinx.coroutines.CompletableJob kotlinx.coroutines.SupervisorKt.SupervisorJob$default(kotlinx.coroutines.Job,int,java.lang.Object):0 -> <clinit>
    1:1:void <clinit>():0 -> <clinit>
    2:2:void <clinit>():0:0 -> <clinit>
    com.gucheng.statistichelper.database.repository.DailyReportRepository getDailyReportRepository() -> a
    com.gucheng.statistichelper.database.AccountDatabase getDatabase() -> b
    com.gucheng.statistichelper.database.repository.ItemRecordRepository getItemRepository() -> c
    com.gucheng.statistichelper.database.repository.ItemTypeRepository getTypeRepository() -> d
    1:1:void init():0:0 -> onCreate
    1:1:void onCreate():0 -> onCreate
    2:2:androidx.work.WorkManager androidx.work.WorkManager.getInstance(android.content.Context):0:0 -> onCreate
    2:2:void init():0 -> onCreate
    2:2:void onCreate():0 -> onCreate
com.gucheng.statistichelper.AccountApplication$Companion -> com.gucheng.statistichelper.AccountApplication$a:
    1:1:void <init>():0:0 -> <init>
    1:1:void <init>(kotlin.jvm.internal.DefaultConstructorMarker):0 -> <init>
com.gucheng.statistichelper.AccountApplication$dailyReportRepository$2 -> com.gucheng.statistichelper.AccountApplication$b:
    com.gucheng.statistichelper.AccountApplication this$0 -> b
    1:1:com.gucheng.statistichelper.database.repository.DailyReportRepository invoke():0:0 -> a
    1:1:java.lang.Object invoke():0 -> a
com.gucheng.statistichelper.AccountApplication$database$2 -> com.gucheng.statistichelper.AccountApplication$c:
    com.gucheng.statistichelper.AccountApplication this$0 -> b
    1:1:com.gucheng.statistichelper.database.AccountDatabase invoke():0:0 -> a
    1:1:java.lang.Object invoke():0 -> a
    2:2:kotlinx.coroutines.CoroutineScope com.gucheng.statistichelper.AccountApplication.access$getApplicationScope$cp():0:0 -> a
    2:2:kotlinx.coroutines.CoroutineScope com.gucheng.statistichelper.AccountApplication$Companion.getApplicationScope():0 -> a
    2:2:com.gucheng.statistichelper.database.AccountDatabase invoke():0 -> a
    2:2:java.lang.Object invoke():0 -> a
    3:3:com.gucheng.statistichelper.database.AccountDatabase invoke():0:0 -> a
    3:3:java.lang.Object invoke():0 -> a
com.gucheng.statistichelper.AccountApplication$itemRepository$2 -> com.gucheng.statistichelper.AccountApplication$d:
    com.gucheng.statistichelper.AccountApplication this$0 -> b
    1:1:com.gucheng.statistichelper.database.repository.ItemRecordRepository invoke():0:0 -> a
    1:1:java.lang.Object invoke():0 -> a
com.gucheng.statistichelper.AccountApplication$typeRepository$2 -> com.gucheng.statistichelper.AccountApplication$e:
    com.gucheng.statistichelper.AccountApplication this$0 -> b
    1:1:com.gucheng.statistichelper.database.repository.ItemTypeRepository invoke():0:0 -> a
    1:1:java.lang.Object invoke():0 -> a
...
com.google.android.material.internal.CheckableImageButton$1 -> g.c.a.a.r.a:
    com.google.android.material.internal.CheckableImageButton this$0 -> d
    1:1:void androidx.core.view.AccessibilityDelegateCompat.onInitializeAccessibilityEvent(android.view.View,android.view.accessibility.AccessibilityEvent):0:0 -> c
    1:1:void onInitializeAccessibilityEvent(android.view.View,android.view.accessibility.AccessibilityEvent):0 -> c
    2:2:void onInitializeAccessibilityEvent(android.view.View,android.view.accessibility.AccessibilityEvent):0:0 -> c
    1:1:void androidx.core.view.AccessibilityDelegateCompat.onInitializeAccessibilityNodeInfo(android.view.View,androidx.core.view.accessibility.AccessibilityNodeInfoCompat):0:0 -> d
    1:1:void onInitializeAccessibilityNodeInfo(android.view.View,androidx.core.view.accessibility.AccessibilityNodeInfoCompat):0 -> d
    2:2:android.view.accessibility.AccessibilityNodeInfo androidx.core.view.accessibility.AccessibilityNodeInfoCompat.unwrap():0:0 -> d
    2:2:void androidx.core.view.AccessibilityDelegateCompat.onInitializeAccessibilityNodeInfo(android.view.View,androidx.core.view.accessibility.AccessibilityNodeInfoCompat):0 -> d
    2:2:void onInitializeAccessibilityNodeInfo(android.view.View,androidx.core.view.accessibility.AccessibilityNodeInfoCompat):0 -> d
    3:3:void androidx.core.view.AccessibilityDelegateCompat.onInitializeAccessibilityNodeInfo(android.view.View,androidx.core.view.accessibility.AccessibilityNodeInfoCompat):0:0 -> d
com.google.android.material.internal.CheckableImageButton$SavedState -> com.google.android.material.internal.CheckableImageButton$a:
    boolean checked -> c
    1:1:void readFromParcel(android.os.Parcel):0:0 -> <init>
    1:1:void <init>(android.os.Parcel,java.lang.ClassLoader):0 -> <init>
    1:1:void androidx.customview.view.AbsSavedState.writeToParcel(android.os.Parcel,int):0:0 -> writeToParcel
    1:1:void writeToParcel(android.os.Parcel,int):0 -> writeToParcel
    2:2:void writeToParcel(android.os.Parcel,int):0:0 -> writeToParcel
com.google.android.material.internal.CheckableImageButton$SavedState$1 -> com.google.android.material.internal.CheckableImageButton$a$a:
    1:1:com.google.android.material.internal.CheckableImageButton$SavedState createFromParcel(android.os.Parcel):0:0 -> createFromParcel
    1:1:java.lang.Object createFromParcel(android.os.Parcel):0 -> createFromParcel
    2:2:com.google.android.material.internal.CheckableImageButton$SavedState createFromParcel(android.os.Parcel,java.lang.ClassLoader):0:0 -> createFromParcel
    2:2:java.lang.Object createFromParcel(android.os.Parcel,java.lang.ClassLoader):0 -> createFromParcel
    1:1:com.google.android.material.internal.CheckableImageButton$SavedState[] newArray(int):0:0 -> newArray
    1:1:java.lang.Object[] newArray(int):0 -> newArray