app/build/outputs/mapping/tencentRelease/usage.txt
com.gucheng.statistichelper.BuildConfig
com.gucheng.statistichelper.activity.NewItemActivity$$special$$inlined$viewModels$1
com.gucheng.statistichelper.TypeAdapter:
    public static final synthetic void access$setListener$cp(com.gucheng.statistichelper.ItemFragment$TypeSelectListener)
com.gucheng.statistichelper.activity.EditTypeActivity$$special$$inlined$viewModels$1
com.gucheng.statistichelper.TypeAdapter$Companion:
    public final void setListener(com.gucheng.statistichelper.ItemFragment$TypeSelectListener)
com.gucheng.statistichelper.activity.NewItemActivity$Companion:
    public final void setAmountEdt(android.widget.EditText)
    public final android.widget.EditText getTypeEdt()
    public final void setTypeEdt(android.widget.EditText)
    public final int getType()
    public final void setType(int)
com.gucheng.statistichelper.activity.MainActivity:
    public static final synthetic void access$setAmountTotal$p(com.gucheng.statistichelper.activity.MainActivity,android.widget.TextView)
    public final java.lang.String getTAG()
    public final void showDialog()
com.gucheng.statistichelper.adapter.EditTypeAdapter:
    public static final synthetic void access$setMTypeList$p(com.gucheng.statistichelper.adapter.EditTypeAdapter,java.util.List)
com.gucheng.statistichelper.Utils:
    public void <init>()
    public static final java.lang.String UMEN_KEY
com.gucheng.statistichelper.database.dao.DailyReportDao_Impl:
    static synthetic androidx.room.EntityDeletionOrUpdateAdapter access$200(com.gucheng.statistichelper.database.dao.DailyReportDao_Impl)
    static synthetic androidx.room.EntityDeletionOrUpdateAdapter access$300(com.gucheng.statistichelper.database.dao.DailyReportDao_Impl)
    public java.lang.Object delete(com.gucheng.statistichelper.database.entity.DailyReport,kotlin.coroutines.Continuation)
    public java.lang.Object update(com.gucheng.statistichelper.database.entity.DailyReport,kotlin.coroutines.Continuation)
    public java.util.List queryAll()
com.gucheng.statistichelper.activity.KLineActivity:
    private final com.gucheng.statistichelper.database.RecordViewModel getViewModel()
    public static final synthetic void access$setChart$p(com.gucheng.statistichelper.activity.KLineActivity,com.github.mikephil.charting.charts.LineChart)
com.gucheng.statistichelper.adapter.RecordAdapter$ItemListener:
    public abstract void delete(com.gucheng.statistichelper.database.entity.ItemRecord)
com.gucheng.statistichelper.database.RecordViewModel$insertType$1
com.gucheng.statistichelper.activity.KLineActivity$$special$$inlined$viewModels$3
com.gucheng.statistichelper.database.entity.ItemType:
    public static synthetic com.gucheng.statistichelper.database.entity.ItemType copy$default(com.gucheng.statistichelper.database.entity.ItemType,java.lang.Integer,java.lang.String,java.lang.String,int,java.lang.Object)
    public final java.lang.Integer component1()
    public final java.lang.String component2()
    public final java.lang.String component3()
    public final com.gucheng.statistichelper.database.entity.ItemType copy(java.lang.Integer,java.lang.String,java.lang.String)
com.gucheng.statistichelper.activity.ShareActivity$$special$$inlined$viewModels$1
com.gucheng.statistichelper.database.WeeklyReport
com.gucheng.statistichelper.database.dao.ItemRecordDao$DefaultImpls
...
androidx.core.provider.FontProvider:
    public static android.content.pm.ProviderInfo getProvider(android.content.pm.PackageManager,androidx.core.provider.FontRequest,android.content.res.Resources)
    public static androidx.core.provider.FontsContractCompat$FontInfo[] query(android.content.Context,androidx.core.provider.FontRequest,java.lang.String,android.os.CancellationSignal)
    public static java.util.List getCertificates(androidx.core.provider.FontRequest,android.content.res.Resources)
    public static boolean equalsByteArrayList(java.util.List,java.util.List)
    public static java.util.List convertToByteArrayList(android.content.pm.Signature[])
androidx.lifecycle.Lifecycle$1
androidx.room.InvalidationTracker$Observer:
    public boolean isRemote()
kotlinx.coroutines.EventLoopKt
androidx.appcompat.R$styleable:
    public static final int ActionBar_background
    public static final int ActionBar_backgroundSplit
    public static final int ActionBar_backgroundStacked
    public static final int ActionBar_contentInsetEnd
    public static final int ActionBar_contentInsetStart
    public static final int ActionBar_customNavigationLayout
    public static final int ActionBar_displayOptions
    public static final int ActionBar_elevation
    public static final int ActionBar_height
    public static final int ActionBar_hideOnContentScroll
    public static final int ActionBar_homeAsUpIndicator
    public static final int ActionBar_icon
    public static final int ActionBar_logo
    public static final int ActionBar_popupTheme
    public static final int ActionBar_subtitle
    public static final int ActionBar_subtitleTextStyle
    public static final int ActionBar_title
    public static final int ActionBar_titleTextStyle
    public static final int ActionBarLayout_android_layout_gravity
    public static final int ActionMenuItemView_android_minWidth
    public static final int[] ActionMenuView
    public static final int ActionMode_background
    public static final int ActionMode_closeItemLayout
    public static final int ActionMode_height
    public static final int ActionMode_subtitleTextStyle
    public static final int ActionMode_titleTextStyle
    public static final int[] ActivityChooserView
    public static final int AlertDialog_android_layout
androidx.appcompat.app.AlertController:
    public static boolean shouldCenterSingleButton(android.content.Context)
    public void installContent()
    public void setTitle(java.lang.CharSequence)
    public void setCustomTitle(android.view.View)
    public void setMessage(java.lang.CharSequence)
    public void setView(int)
    public void setView(android.view.View)
    public void setView(android.view.View,int,int,int,int)
    public void setIcon(int)
    public void setIcon(android.graphics.drawable.Drawable)
    public int getIconAttributeResId(int)
    public android.widget.ListView getListView()
    public boolean onKeyDown(android.view.KeyEvent)
    public boolean onKeyUp(android.view.KeyEvent)
    public final int selectContentView()
    public final void setupView()
    public final void setScrollIndicators(android.view.ViewGroup,android.view.View,int,int)
    public final void setupCustomContent(android.view.ViewGroup)
    public final void setupTitle(android.view.ViewGroup)
    public final void setupContent(android.view.ViewGroup)
    public final void setupButtons(android.view.ViewGroup)
    public int mButtonPanelLayoutHint
com.github.mikephil.charting.formatter.IFillFormatter
androidx.work.impl.model.WorkTagDao_Impl$1:
    public void bind(androidx.sqlite.db.SupportSQLiteStatement,androidx.work.impl.model.WorkTag)
    public final synthetic androidx.work.impl.model.WorkTagDao_Impl this$0
com.umeng.analytics.vshelper.b:
    public static void <clinit>()
android.support.v4.os.ResultReceiver$MyResultReceiver:
    public void send(int,android.os.Bundle)
androidx.appcompat.widget.FitWindowsViewGroup